ERROR:root:FIXME: Unimplemented - put('List', 'A sequence of things'
ERROR:root:FIXME: Unimplemented - get('List')
INFO:root:Constructing parser
INFO:root:Constructing parser
INFO:root:Constructing parser
INFO:root:Constructing parser
INFO:root:Constructing parser
INFO:root:Constructing parser
INFO:root:Constructing parser
INFO:root:Constructing parser
INFO:root:Constructing parser
INFO:root:Constructing parser
INFO:root:Constructing parser
INFO:root:Constructing parser
INFO:root:Constructing parser
DEBUG:root:Constructing put subparser
INFO:root:Constructing parser
DEBUG:root:Constructing put subparser
INFO:root:Constructing parser
DEBUG:root:Constructing put subparser
INFO:root:Constructing parser
DEBUG:root:Constructing put subparser
INFO:root:Constructing parser
DEBUG:root:Constructing put subparser
INFO:root:Constructing parser
DEBUG:root:Constructing put subparser
INFO:root:Constructing parser
DEBUG:root:Constructing put subparser
INFO:root:Constructing parser
DEBUG:root:Constructing put subparser
INFO:root:Constructing parser
DEBUG:root:Constructing put subparser
INFO:root:Constructing parser
DEBUG:root:Constructing put subparser
INFO:root:Constructing parser
DEBUG:root:Constructing put subparser
INFO:root:Constructing parser
DEBUG:root:Constructing put subparser
INFO:root:Constructing parser
DEBUG:root:Constructing put subparser
INFO:root:Constructing parser
DEBUG:root:Constructing put subparser
INFO:root:Constructing parser
DEBUG:root:Constructing put subparser
DEBUG:root:Constructing get command
INFO:root:Constructing parser
DEBUG:root:Constructing put subparser
DEBUG:root:Constructing get command
INFO:root:Constructing parser
DEBUG:root:Constructing put subparser
DEBUG:root:Constructing get command
INFO:root:Constructing parser
DEBUG:root:Constructing put subparser
DEBUG:root:Constructing get command
INFO:root:Constructing parser
DEBUG:root:Constructing put subparser
DEBUG:root:Constructing get command
INFO:root:Constructing parser
DEBUG:root:Constructing put subparser
DEBUG:root:Constructing get command
INFO:root:Constructing parser
DEBUG:root:Constructing put subparser
DEBUG:root:Constructing get command
INFO:root:Constructing parser
DEBUG:root:Constructing put subparser
DEBUG:root:Constructing get command
INFO:root:Constructing parser
DEBUG:root:Constructing put subparser
DEBUG:root:Constructing get command
ERROR:root:FIXME: Unimplemented - get('Name')
INFO:root:Constructing parser
DEBUG:root:Constructing put subparser
DEBUG:root:Constructing get command
ERROR:root:FIXME: Unimplemented - get('Name')
INFO:root:Constructing parser
DEBUG:root:Constructing put subparser
DEBUG:root:Constructing get command
ERROR:root:FIXME: Unimplemented - get('Name')
INFO:root:Constructing parser
DEBUG:root:Constructing put subparser
DEBUG:root:Constructing get command
ERROR:root:FIXME: Unimplemented - get('Name')
